C:\Program Files (x86)\Microsoft Visual Studio\2017\Community\Common7\IDE\VC\VCTargets\Microsoft.CppBuild.targets(387,5): warning MSB8028: 中间目录(Debug\)包含从另一个项目(GameServer.vcxproj, TileSkyServ111.vcxproj)共享的文件。   这会导致错误的清除和重新生成行为。
  TcpIoProc.cpp
d:\tilesky3.0_demo\tssln20171031\proj.win32\packet\errorcode.h(30): warning C4091: “typedef ”: 没有声明变量时忽略“ERROR_CODE”的左侧
d:\tilesky3.0_demo\tssln20171031\proj.win32\packet\userprotocol.h(1000): warning C4091: “typedef ”: 没有声明变量时忽略“USER_PROTOCOL”的左侧
d:\tilesky3.0_demo\tssln20171031\proj.win32\packet\purchaseprotocol.h(169): warning C4091: “typedef ”: 没有声明变量时忽略“PURCHASE_PROTOCOL”的左侧
d:\tilesky3.0_demo\tssln20171031\proj.win32\packet\doublebattleprotocol.h(508): warning C4091: “typedef ”: 没有声明变量时忽略“DOUBLE_BATTLE_PROTOCOL”的左侧
d:\tilesky3.0_demo\tssln20171031\proj.win32\packet\battle_1v1_protocol.h(45): warning C4091: “typedef ”: 没有声明变量时忽略“BATTLE_1V1_PROTOCOL”的左侧
d:\tilesky3.0_demo\tssln20171031\proj.win32\tileskyserv\gamectrlparams.h(133): warning C4091: “typedef ”: 没有声明变量时忽略“PACKET_LEVEL”的左侧
d:\tilesky3.0_demo\tssln20171031\proj.win32\tileskyserv\gamectrlparams.h(154): warning C4091: “typedef ”: 没有声明变量时忽略“CARD_TYPE”的左侧
d:\tilesky3.0_demo\tssln20171031\proj.win32\tileskyserv\gamectrlparams.h(167): warning C4091: “typedef ”: 没有声明变量时忽略“SUPPLY_CHEST_TYPE”的左侧
d:\tilesky3.0_demo\tssln20171031\proj.win32\tileskyserv\connecteduser.h(27): warning C4091: “typedef ”: 没有声明变量时忽略“USER_STATUS”的左侧
d:\tilesky3.0_demo\tssln20171031\proj.win32\tileskyserv\battlefield\weapons\weapon.h(25): warning C4091: “typedef ”: 没有声明变量时忽略“WEAPON_TYPE”的左侧
d:\tilesky3.0_demo\tssln20171031\proj.win32\tileskyserv\battlefield\weapons\weapon.h(32): warning C4091: “typedef ”: 没有声明变量时忽略“STATUS_WP”的左侧
d:\tilesky3.0_demo\tssln20171031\proj.win32\tileskyserv\battlefield\weapons\weapon.h(38): warning C4091: “typedef ”: 没有声明变量时忽略“SIDE_IN_GAME”的左侧
d:\tilesky3.0_demo\tssln20171031\proj.win32\tileskyserv\battlefield\battlefield.h(15): warning C4091: “typedef ”: 没有声明变量时忽略“BATTLE_STATUS”的左侧
d:\tilesky3.0_demo\tssln20171031\proj.win32\tileskyserv\room.h(19): warning C4091: “typedef ”: 没有声明变量时忽略“ROOM_STATUS”的左侧
d:\tilesky3.0_demo\tssln20171031\proj.win32\tileskyserv\room.h(26): warning C4091: “typedef ”: 没有声明变量时忽略“ROOM_TYPE”的左侧
d:\tilesky3.0_demo\tssln20171031\proj.win32\tileskyserv\room.h(95): warning C4267: “return”: 从“size_t”转换到“USHORT”，可能丢失数据
  TcpBattle1V1ProtocolProc.cpp
d:\tilesky3.0_demo\tssln20171031\proj.win32\packet\errorcode.h(30): warning C4091: “typedef ”: 没有声明变量时忽略“ERROR_CODE”的左侧
d:\tilesky3.0_demo\tssln20171031\proj.win32\packet\doublebattleprotocol.h(508): warning C4091: “typedef ”: 没有声明变量时忽略“DOUBLE_BATTLE_PROTOCOL”的左侧
d:\tilesky3.0_demo\tssln20171031\proj.win32\packet\battle_1v1_protocol.h(45): warning C4091: “typedef ”: 没有声明变量时忽略“BATTLE_1V1_PROTOCOL”的左侧
d:\tilesky3.0_demo\tssln20171031\proj.win32\tileskyserv\gamectrlparams.h(133): warning C4091: “typedef ”: 没有声明变量时忽略“PACKET_LEVEL”的左侧
d:\tilesky3.0_demo\tssln20171031\proj.win32\tileskyserv\gamectrlparams.h(154): warning C4091: “typedef ”: 没有声明变量时忽略“CARD_TYPE”的左侧
d:\tilesky3.0_demo\tssln20171031\proj.win32\tileskyserv\gamectrlparams.h(167): warning C4091: “typedef ”: 没有声明变量时忽略“SUPPLY_CHEST_TYPE”的左侧
d:\tilesky3.0_demo\tssln20171031\proj.win32\tileskyserv\connecteduser.h(27): warning C4091: “typedef ”: 没有声明变量时忽略“USER_STATUS”的左侧
d:\tilesky3.0_demo\tssln20171031\proj.win32\tileskyserv\battlefield\weapons\weapon.h(25): warning C4091: “typedef ”: 没有声明变量时忽略“WEAPON_TYPE”的左侧
d:\tilesky3.0_demo\tssln20171031\proj.win32\tileskyserv\battlefield\weapons\weapon.h(32): warning C4091: “typedef ”: 没有声明变量时忽略“STATUS_WP”的左侧
d:\tilesky3.0_demo\tssln20171031\proj.win32\tileskyserv\battlefield\weapons\weapon.h(38): warning C4091: “typedef ”: 没有声明变量时忽略“SIDE_IN_GAME”的左侧
d:\tilesky3.0_demo\tssln20171031\proj.win32\tileskyserv\battlefield\battlefield.h(15): warning C4091: “typedef ”: 没有声明变量时忽略“BATTLE_STATUS”的左侧
d:\tilesky3.0_demo\tssln20171031\proj.win32\tileskyserv\room.h(19): warning C4091: “typedef ”: 没有声明变量时忽略“ROOM_STATUS”的左侧
d:\tilesky3.0_demo\tssln20171031\proj.win32\tileskyserv\room.h(26): warning C4091: “typedef ”: 没有声明变量时忽略“ROOM_TYPE”的左侧
d:\tilesky3.0_demo\tssln20171031\proj.win32\tileskyserv\room.h(95): warning C4267: “return”: 从“size_t”转换到“USHORT”，可能丢失数据
d:\tilesky3.0_demo\tssln20171031\proj.win32\tileskyserv\errcodes.h(8): warning C4091: “typedef ”: 没有声明变量时忽略“ERR_CODE”的左侧
  正在生成代码...
  GameServer.vcxproj -> D:\TileSky3.0_Demo\TSSln20171031\proj.win32\Debug\TileSkyServ.exe
