c:\users\silentlee\desktop\tileskyserversolution\gameserver\debug\gameserver.pch
c:\users\silentlee\desktop\tileskyserversolution\gameserver\debug\vc120.pdb
c:\users\silentlee\desktop\tileskyserversolution\gameserver\debug\vc120.idb
c:\users\silentlee\desktop\tileskyserversolution\gameserver\debug\stdafx.obj
c:\users\silentlee\desktop\tileskyserversolution\gameserver\debug\dbprocupdate.obj
c:\users\silentlee\desktop\tileskyserversolution\gameserver\debug\dbproclogin.obj
c:\users\silentlee\desktop\tileskyserversolution\gameserver\debug\dbprocregist.obj
c:\users\silentlee\desktop\tileskyserversolution\gameserver\debug\explosion.obj
c:\users\silentlee\desktop\tileskyserversolution\gameserver\debug\gameiocp.obj
c:\users\silentlee\desktop\tileskyserversolution\gameserver\debug\gmproc.obj
c:\users\silentlee\desktop\tileskyserversolution\gameserver\debug\battlefieldcell.obj
c:\users\silentlee\desktop\tileskyserversolution\gameserver\debug\plane.obj
c:\users\silentlee\desktop\tileskyserversolution\gameserver\debug\radar.obj
c:\users\silentlee\desktop\tileskyserversolution\gameserver\debug\tcpdoublebattleprotocolproc.obj
c:\users\silentlee\desktop\tileskyserversolution\gameserver\debug\tcpioproc.obj
c:\users\silentlee\desktop\tileskyserversolution\gameserver\debug\tcppurchaseprotocolproc.obj
c:\users\silentlee\desktop\tileskyserversolution\gameserver\debug\gameserver.obj
c:\users\silentlee\desktop\tileskyserversolution\gameserver\debug\tcpuserprotocolproc.obj
c:\users\silentlee\desktop\tileskyserversolution\gameserver\debug\mysqlresreader.obj
c:\users\silentlee\desktop\tileskyserversolution\gameserver\debug\mysqlsession.obj
c:\users\silentlee\desktop\tileskyserversolution\gameserver\debug\mysqlsessionpool.obj
c:\users\silentlee\desktop\tileskyserversolution\gameserver\debug\room.obj
c:\users\silentlee\desktop\tileskyserversolution\gameserver\debug\roommanager.obj
c:\users\silentlee\desktop\tileskyserversolution\gameserver\debug\userstruct.obj
c:\users\silentlee\desktop\tileskyserversolution\gameserver\debug\battlefield.obj
c:\users\silentlee\desktop\tileskyserversolution\gameserver\debug\battlefieldexplosionfade.obj
c:\users\silentlee\desktop\tileskyserversolution\gameserver\debug\battlefieldinsertplane.obj
c:\users\silentlee\desktop\tileskyserversolution\gameserver\debug\battlefieldinsertweapon.obj
c:\users\silentlee\desktop\tileskyserversolution\gameserver\debug\battlefieldradardisable.obj
c:\users\silentlee\desktop\tileskyserversolution\gameserver\debug\battlefieldplanefall.obj
c:\users\silentlee\desktop\tileskyserversolution\gameserver\debug\connecteduser.obj
c:\users\silentlee\desktop\tileskyserversolution\gameserver\debug\connectedusermanager.obj
c:\users\silentlee\desktop\tileskyserversolution\debug\gameserver.ilk
c:\users\silentlee\desktop\tileskyserversolution\debug\gameserver.exe
c:\users\silentlee\desktop\tileskyserversolution\debug\gameserver.pdb
c:\users\silentlee\desktop\tileskyserversolution\gameserver\debug\gameserver.tlog\cl.command.1.tlog
c:\users\silentlee\desktop\tileskyserversolution\gameserver\debug\gameserver.tlog\cl.read.1.tlog
c:\users\silentlee\desktop\tileskyserversolution\gameserver\debug\gameserver.tlog\cl.write.1.tlog
c:\users\silentlee\desktop\tileskyserversolution\gameserver\debug\gameserver.tlog\link.command.1.tlog
c:\users\silentlee\desktop\tileskyserversolution\gameserver\debug\gameserver.tlog\link.read.1.tlog
c:\users\silentlee\desktop\tileskyserversolution\gameserver\debug\gameserver.tlog\link.write.1.tlog
