d:\tilesky3.0_demo\tssln20171031\proj.win32\tileskyserv\debug\tileskyserv.pch
d:\tilesky3.0_demo\tssln20171031\proj.win32\tileskyserv\debug\vc141.pdb
d:\tilesky3.0_demo\tssln20171031\proj.win32\tileskyserv\debug\vc141.idb
d:\tilesky3.0_demo\tssln20171031\proj.win32\tileskyserv\debug\stdafx.obj
d:\tilesky3.0_demo\tssln20171031\proj.win32\tileskyserv\debug\battlefield.obj
d:\tilesky3.0_demo\tssln20171031\proj.win32\tileskyserv\debug\weapon.obj
d:\tilesky3.0_demo\tssln20171031\proj.win32\tileskyserv\debug\connecteduser.obj
d:\tilesky3.0_demo\tssln20171031\proj.win32\tileskyserv\debug\connectedusermanager.obj
d:\tilesky3.0_demo\tssln20171031\proj.win32\tileskyserv\debug\dbprocupdate.obj
d:\tilesky3.0_demo\tssln20171031\proj.win32\tileskyserv\debug\dbproclogin.obj
d:\tilesky3.0_demo\tssln20171031\proj.win32\tileskyserv\debug\dbprocregist.obj
d:\tilesky3.0_demo\tssln20171031\proj.win32\tileskyserv\debug\gameiocp.obj
d:\tilesky3.0_demo\tssln20171031\proj.win32\tileskyserv\debug\gmproc.obj
d:\tilesky3.0_demo\tssln20171031\proj.win32\tileskyserv\debug\tcpbattle1v1protocolproc.obj
d:\tilesky3.0_demo\tssln20171031\proj.win32\tileskyserv\debug\tcpioproc.obj
d:\tilesky3.0_demo\tssln20171031\proj.win32\tileskyserv\debug\gameserver.obj
d:\tilesky3.0_demo\tssln20171031\proj.win32\tileskyserv\debug\mysqlresreader.obj
d:\tilesky3.0_demo\tssln20171031\proj.win32\tileskyserv\debug\mysqlsession.obj
d:\tilesky3.0_demo\tssln20171031\proj.win32\tileskyserv\debug\mysqlsessionpool.obj
d:\tilesky3.0_demo\tssln20171031\proj.win32\tileskyserv\debug\room.obj
d:\tilesky3.0_demo\tssln20171031\proj.win32\tileskyserv\debug\roommanager.obj
d:\tilesky3.0_demo\tssln20171031\proj.win32\tileskyserv\debug\tcppurchaseprotocolproc.obj
d:\tilesky3.0_demo\tssln20171031\proj.win32\tileskyserv\debug\tcpuserprotocolproc.obj
d:\tilesky3.0_demo\tssln20171031\proj.win32\tileskyserv\debug\userstruct.obj
d:\devwin7\sharefolder\tilesky3.0_demo\tssln20171031\proj.win32\tileskyserv\debug\tileskyserv.pch
d:\devwin7\sharefolder\tilesky3.0_demo\tssln20171031\proj.win32\tileskyserv\debug\vc141.pdb
d:\devwin7\sharefolder\tilesky3.0_demo\tssln20171031\proj.win32\tileskyserv\debug\vc141.idb
d:\devwin7\sharefolder\tilesky3.0_demo\tssln20171031\proj.win32\tileskyserv\debug\stdafx.obj
d:\devwin7\sharefolder\tilesky3.0_demo\tssln20171031\proj.win32\tileskyserv\debug\battlefield.obj
d:\devwin7\sharefolder\tilesky3.0_demo\tssln20171031\proj.win32\tileskyserv\debug\weapon.obj
d:\devwin7\sharefolder\tilesky3.0_demo\tssln20171031\proj.win32\tileskyserv\debug\connecteduser.obj
d:\devwin7\sharefolder\tilesky3.0_demo\tssln20171031\proj.win32\tileskyserv\debug\connectedusermanager.obj
d:\devwin7\sharefolder\tilesky3.0_demo\tssln20171031\proj.win32\tileskyserv\debug\dbprocupdate.obj
d:\devwin7\sharefolder\tilesky3.0_demo\tssln20171031\proj.win32\tileskyserv\debug\dbproclogin.obj
d:\devwin7\sharefolder\tilesky3.0_demo\tssln20171031\proj.win32\tileskyserv\debug\dbprocregist.obj
d:\devwin7\sharefolder\tilesky3.0_demo\tssln20171031\proj.win32\tileskyserv\debug\gameiocp.obj
d:\devwin7\sharefolder\tilesky3.0_demo\tssln20171031\proj.win32\tileskyserv\debug\gmproc.obj
d:\devwin7\sharefolder\tilesky3.0_demo\tssln20171031\proj.win32\tileskyserv\debug\tcpbattle1v1protocolproc.obj
d:\devwin7\sharefolder\tilesky3.0_demo\tssln20171031\proj.win32\tileskyserv\debug\tcpioproc.obj
d:\devwin7\sharefolder\tilesky3.0_demo\tssln20171031\proj.win32\tileskyserv\debug\gameserver.obj
d:\devwin7\sharefolder\tilesky3.0_demo\tssln20171031\proj.win32\tileskyserv\debug\mysqlresreader.obj
d:\devwin7\sharefolder\tilesky3.0_demo\tssln20171031\proj.win32\tileskyserv\debug\mysqlsession.obj
d:\devwin7\sharefolder\tilesky3.0_demo\tssln20171031\proj.win32\tileskyserv\debug\mysqlsessionpool.obj
d:\devwin7\sharefolder\tilesky3.0_demo\tssln20171031\proj.win32\tileskyserv\debug\room.obj
d:\devwin7\sharefolder\tilesky3.0_demo\tssln20171031\proj.win32\tileskyserv\debug\roommanager.obj
d:\devwin7\sharefolder\tilesky3.0_demo\tssln20171031\proj.win32\tileskyserv\debug\tcppurchaseprotocolproc.obj
d:\devwin7\sharefolder\tilesky3.0_demo\tssln20171031\proj.win32\tileskyserv\debug\tcpuserprotocolproc.obj
d:\devwin7\sharefolder\tilesky3.0_demo\tssln20171031\proj.win32\tileskyserv\debug\userstruct.obj
d:\tilesky3.0_demo\tssln20171031\proj.win32\debug\tileskyserv.exe
d:\tilesky3.0_demo\tssln20171031\proj.win32\debug\tileskyserv.ilk
d:\tilesky3.0_demo\tssln20171031\proj.win32\debug\tileskyserv.pdb
d:\devwin7\sharefolder\tilesky3.0_demo\tssln20171031\proj.win32\debug\tileskyserv.exe
d:\devwin7\sharefolder\tilesky3.0_demo\tssln20171031\proj.win32\debug\tileskyserv.ilk
d:\devwin7\sharefolder\tilesky3.0_demo\tssln20171031\proj.win32\debug\tileskyserv.pdb
c:\users\silentlee\desktop\tilesky3.0_demo\tssln20171031\proj.win32\tileskyserv\debug\battlefield.obj
c:\users\silentlee\desktop\tilesky3.0_demo\tssln20171031\proj.win32\tileskyserv\debug\connecteduser.obj
c:\users\silentlee\desktop\tilesky3.0_demo\tssln20171031\proj.win32\tileskyserv\debug\connectedusermanager.obj
c:\users\silentlee\desktop\tilesky3.0_demo\tssln20171031\proj.win32\tileskyserv\debug\dbproclogin.obj
c:\users\silentlee\desktop\tilesky3.0_demo\tssln20171031\proj.win32\tileskyserv\debug\dbprocregist.obj
c:\users\silentlee\desktop\tilesky3.0_demo\tssln20171031\proj.win32\tileskyserv\debug\dbprocupdate.obj
c:\users\silentlee\desktop\tilesky3.0_demo\tssln20171031\proj.win32\tileskyserv\debug\gameiocp.obj
c:\users\silentlee\desktop\tilesky3.0_demo\tssln20171031\proj.win32\tileskyserv\debug\gameserver.obj
c:\users\silentlee\desktop\tilesky3.0_demo\tssln20171031\proj.win32\tileskyserv\debug\gmproc.obj
c:\users\silentlee\desktop\tilesky3.0_demo\tssln20171031\proj.win32\tileskyserv\debug\mysqlresreader.obj
c:\users\silentlee\desktop\tilesky3.0_demo\tssln20171031\proj.win32\tileskyserv\debug\mysqlsession.obj
c:\users\silentlee\desktop\tilesky3.0_demo\tssln20171031\proj.win32\tileskyserv\debug\mysqlsessionpool.obj
c:\users\silentlee\desktop\tilesky3.0_demo\tssln20171031\proj.win32\tileskyserv\debug\room.obj
c:\users\silentlee\desktop\tilesky3.0_demo\tssln20171031\proj.win32\tileskyserv\debug\roommanager.obj
c:\users\silentlee\desktop\tilesky3.0_demo\tssln20171031\proj.win32\tileskyserv\debug\stdafx.obj
c:\users\silentlee\desktop\tilesky3.0_demo\tssln20171031\proj.win32\tileskyserv\debug\tcpbattle1v1protocolproc.obj
c:\users\silentlee\desktop\tilesky3.0_demo\tssln20171031\proj.win32\tileskyserv\debug\tcpioproc.obj
c:\users\silentlee\desktop\tilesky3.0_demo\tssln20171031\proj.win32\tileskyserv\debug\tcppurchaseprotocolproc.obj
c:\users\silentlee\desktop\tilesky3.0_demo\tssln20171031\proj.win32\tileskyserv\debug\tcpuserprotocolproc.obj
c:\users\silentlee\desktop\tilesky3.0_demo\tssln20171031\proj.win32\tileskyserv\debug\userstruct.obj
c:\users\silentlee\desktop\tilesky3.0_demo\tssln20171031\proj.win32\tileskyserv\debug\weapon.obj
c:\users\silentlee\desktop\tilesky3.0_demo\tssln20171031\proj.win32\tileskyserv\debug\tileskyserv.pch
c:\users\silentlee\desktop\tilesky3.0_demo\tssln20171031\proj.win32\tileskyserv\debug\vc141.idb
c:\users\silentlee\desktop\tilesky3.0_demo\tssln20171031\proj.win32\tileskyserv\debug\vc141.pdb
c:\users\silentlee\desktop\tilesky3.0_demo\tssln20171031\proj.win32\debug\tileskyserv.pdb
c:\users\silentlee\desktop\tilesky3.0_demo\tssln20171031\proj.win32\debug\tileskyserv.exe
c:\users\silentlee\desktop\tilesky3.0_demo\tssln20171031\proj.win32\debug\tileskyserv.ilk
c:\users\silentlee\desktop\tilesky3.0_demo\tssln20171031\proj.win32\tileskyserv\debug\tileskyserv.tlog\cl.command.1.tlog
c:\users\silentlee\desktop\tilesky3.0_demo\tssln20171031\proj.win32\tileskyserv\debug\tileskyserv.tlog\cl.read.1.tlog
c:\users\silentlee\desktop\tilesky3.0_demo\tssln20171031\proj.win32\tileskyserv\debug\tileskyserv.tlog\cl.write.1.tlog
c:\users\silentlee\desktop\tilesky3.0_demo\tssln20171031\proj.win32\tileskyserv\debug\tileskyserv.tlog\link.command.1.tlog
c:\users\silentlee\desktop\tilesky3.0_demo\tssln20171031\proj.win32\tileskyserv\debug\tileskyserv.tlog\link.read.1.tlog
c:\users\silentlee\desktop\tilesky3.0_demo\tssln20171031\proj.win32\tileskyserv\debug\tileskyserv.tlog\link.write.1.tlog
