[2017-12-1 20:27:54] # TileSky Game Server Startup #


+ Prepare Startup
	- Winsock2 DLL loading		: [ ok ]
	- MiniDump System Begin		: [ ok ]
+ GameIocp Startup
	- GameIocp Begin		: [ ok ]

[2017-12-1 20:27:54] # TileSky Game Server Running... #

[2017-12-1 20:28:40] # New client connected : 0x2e3a0040(0x3e0)

[2017-12-1 20:28:45] # New client connected : 0x2dfa0040(0x3dc)

[2017-12-1 20:28:48] # Read packet : PT_BATTLE_1V1_SEARCH_ROOM
[2017-12-1 20:28:52] # Read packet : PT_BATTLE_1V1_SEARCH_ROOM
[2017-12-1 20:32:8] # TileSky Game Server Startup #


+ Prepare Startup
	- Winsock2 DLL loading		: [ ok ]
	- MiniDump System Begin		: [ ok ]
+ GameIocp Startup
	- GameIocp Begin		: [ ok ]

[2017-12-1 20:32:8] # TileSky Game Server Running... #

[2017-12-1 20:32:16] # New client connected : 0x2e2f0040(0x3e0)

[2017-12-1 20:32:23] # New client connected : 0x2def0040(0x3dc)

[2017-12-1 20:32:30] # Read packet : PT_BATTLE_1V1_SEARCH_ROOM
[2017-12-1 20:32:34] # Read packet : PT_BATTLE_1V1_SEARCH_ROOM
[2017-12-1 20:34:15] # TileSky Game Server Startup #


+ Prepare Startup
	- Winsock2 DLL loading		: [ ok ]
	- MiniDump System Begin		: [ ok ]
+ GameIocp Startup
	- GameIocp Begin		: [ ok ]

[2017-12-1 20:34:15] # TileSky Game Server Running... #

[2017-12-1 20:34:27] # New client connected : 0x2e5c0040(0x3e0)

[2017-12-1 20:34:32] # New client connected : 0x2e1c0040(0x3dc)

[2017-12-1 20:34:32] # Read packet : PT_BATTLE_1V1_SEARCH_ROOM
[2017-12-1 20:34:39] # Read packet : PT_BATTLE_1V1_SEARCH_ROOM
[2017-12-1 20:35:37] # TileSky Game Server Startup #


+ Prepare Startup
	- Winsock2 DLL loading		: [ ok ]
	- MiniDump System Begin		: [ ok ]
+ GameIocp Startup
	- GameIocp Begin		: [ ok ]

[2017-12-1 20:35:37] # TileSky Game Server Running... #

[2017-12-1 20:35:47] # New client connected : 0x2e530040(0x3e0)

[2017-12-1 20:35:51] # New client connected : 0x2e130040(0x3dc)

[2017-12-1 20:35:58] # Read packet : PT_BATTLE_1V1_SEARCH_ROOM
[2017-12-1 20:36:3] # Read packet : PT_BATTLE_1V1_SEARCH_ROOM
[2017-12-1 20:39:0] # TileSky Game Server Startup #


+ Prepare Startup
	- Winsock2 DLL loading		: [ ok ]
	- MiniDump System Begin		: [ ok ]
+ GameIocp Startup
	- GameIocp Begin		: [ ok ]

[2017-12-1 20:39:0] # TileSky Game Server Running... #

[2017-12-1 20:39:11] # New client connected : 0x2e2c0040(0x3e0)

[2017-12-1 20:39:16] # New client connected : 0x2dec0040(0x3dc)

[2017-12-1 20:39:23] # Read packet : PT_BATTLE_1V1_SEARCH_ROOM
[2017-12-1 20:39:27] # Read packet : PT_BATTLE_1V1_SEARCH_ROOM
[2017-12-1 20:39:46] # TileSky Game Server Startup #


+ Prepare Startup
	- Winsock2 DLL loading		: [ ok ]
	- MiniDump System Begin		: [ ok ]
+ GameIocp Startup
	- GameIocp Begin		: [ ok ]

[2017-12-1 20:39:47] # TileSky Game Server Running... #

[2017-12-1 20:39:53] # New client connected : 0x2e0e0040(0x3e0)

[2017-12-1 20:39:58] # New client connected : 0x2dce0040(0x3dc)

[2017-12-1 20:40:4] # Read packet : PT_BATTLE_1V1_SEARCH_ROOM
[2017-12-1 20:40:9] # Read packet : PT_BATTLE_1V1_SEARCH_ROOM
[2017-12-1 20:48:58] # Read packet : PT_BATTLE_1V1_SEARCH_ROOM
[2017-12-1 20:49:11] # TileSky Game Server Startup #


+ Prepare Startup
	- Winsock2 DLL loading		: [ ok ]
	- MiniDump System Begin		: [ ok ]
+ GameIocp Startup
	- GameIocp Begin		: [ ok ]

[2017-12-1 20:49:12] # TileSky Game Server Running... #

[2017-12-1 20:49:20] # New client connected : 0x2e4d0040(0x3e0)

[2017-12-1 20:49:24] # New client connected : 0x2e0d0040(0x3dc)

[2017-12-1 20:49:31] # Read packet : PT_BATTLE_1V1_SEARCH_ROOM
[2017-12-1 20:49:35] # Read packet : PT_BATTLE_1V1_SEARCH_ROOM
[2017-12-1 20:51:27] # TileSky Game Server Startup #


+ Prepare Startup
	- Winsock2 DLL loading		: [ ok ]
	- MiniDump System Begin		: [ ok ]
+ GameIocp Startup
	- GameIocp Begin		: [ ok ]

[2017-12-1 20:51:28] # TileSky Game Server Running... #

[2017-12-1 20:51:37] # New client connected : 0x2e500040(0x3e0)

[2017-12-1 20:51:43] # Read packet : PT_BATTLE_1V1_SEARCH_ROOM
[2017-12-1 20:51:46] # New client connected : 0x2e100040(0x3dc)

[2017-12-1 20:51:53] # Read packet : PT_BATTLE_1V1_SEARCH_ROOM
[2017-12-1 20:52:13] # TileSky Game Server Startup #


+ Prepare Startup
	- Winsock2 DLL loading		: [ ok ]
	- MiniDump System Begin		: [ ok ]
+ GameIocp Startup
	- GameIocp Begin		: [ ok ]

[2017-12-1 20:52:13] # TileSky Game Server Running... #

[2017-12-1 20:52:27] # New client connected : 0x2e550040(0x3e0)

[2017-12-1 20:52:33] # New client connected : 0x2e150040(0x3dc)

[2017-12-1 20:52:40] # Read packet : PT_BATTLE_1V1_SEARCH_ROOM
[2017-12-1 20:52:43] # Read packet : PT_BATTLE_1V1_SEARCH_ROOM
[2017-12-1 20:54:20] # TileSky Game Server Startup #


+ Prepare Startup
	- Winsock2 DLL loading		: [ ok ]
	- MiniDump System Begin		: [ ok ]
+ GameIocp Startup
	- GameIocp Begin		: [ ok ]

[2017-12-1 20:54:20] # TileSky Game Server Running... #

[2017-12-1 20:54:29] # New client connected : 0x2e610040(0x3e0)

[2017-12-1 20:54:37] # New client connected : 0x2e210040(0x3dc)

[2017-12-1 20:54:44] # Read packet : PT_BATTLE_1V1_SEARCH_ROOM
[2017-12-1 20:54:48] # Read packet : PT_BATTLE_1V1_SEARCH_ROOM
[2017-12-1 20:55:59] # TileSky Game Server Startup #


+ Prepare Startup
	- Winsock2 DLL loading		: [ ok ]
	- MiniDump System Begin		: [ ok ]
+ GameIocp Startup
	- GameIocp Begin		: [ ok ]

[2017-12-1 20:56:0] # TileSky Game Server Running... #

[2017-12-1 20:56:6] # New client connected : 0x2e320040(0x3e0)

[2017-12-1 20:56:11] # New client connected : 0x2df20040(0x3dc)

[2017-12-1 20:56:18] # Read packet : PT_BATTLE_1V1_SEARCH_ROOM
[2017-12-1 20:56:22] # Read packet : PT_BATTLE_1V1_SEARCH_ROOM
[2017-12-1 20:56:34] # TileSky Game Server Startup #


+ Prepare Startup
	- Winsock2 DLL loading		: [ ok ]
	- MiniDump System Begin		: [ ok ]
+ GameIocp Startup
	- GameIocp Begin		: [ ok ]

[2017-12-1 20:56:35] # TileSky Game Server Running... #

[2017-12-1 20:56:43] # New client connected : 0x2e2e0040(0x3e0)

[2017-12-1 20:56:49] # Read packet : PT_BATTLE_1V1_SEARCH_ROOM
[2017-12-1 20:57:17] # New client connected : 0x2dee0040(0x3dc)

[2017-12-1 20:57:24] # Read packet : PT_BATTLE_1V1_SEARCH_ROOM
