[2017-11-30 11:0:37] # TileSky Game Server Startup #


+ Prepare Startup
	- Winsock2 DLL loading		: [ ok ]
	- MiniDump System Begin		: [ ok ]
+ GameIocp Startup
	- GameIocp Begin		: [ ok ]

[2017-11-30 11:0:37] # TileSky Game Server Running... #

[2017-11-30 11:0:47] # New client connected : 0x5d92a040(0x5a4)

[2017-11-30 11:0:58] # New client connected : 0x5d527040(0x5a0)

[2017-11-30 11:1:2] # Read packet : PT_BATTLE_1V1_SEARCH_ROOM
[2017-11-30 11:1:23] # Read packet : PT_BATTLE_1V1_SEARCH_ROOM
[2017-11-30 11:3:11] # TileSky Game Server Startup #


+ Prepare Startup
	- Winsock2 DLL loading		: [ ok ]
	- MiniDump System Begin		: [ ok ]
+ GameIocp Startup
	- GameIocp Begin		: [ ok ]

[2017-11-30 11:3:11] # TileSky Game Server Running... #

[2017-11-30 11:3:20] # New client connected : 0x5d4e0040(0x5a4)

[2017-11-30 11:3:23] # New client connected : 0x5d0e0040(0x5a0)

[2017-11-30 11:3:27] # Read packet : PT_BATTLE_1V1_SEARCH_ROOM
[2017-11-30 11:3:39] # Read packet : PT_BATTLE_1V1_SEARCH_ROOM
[2017-11-30 11:3:56] # Client disconnected : 0x5d0e0040(0x5a0)

[2017-11-30 11:4:0] # TileSky Game Server Startup #


+ Prepare Startup
	- Winsock2 DLL loading		: [ ok ]
	- MiniDump System Begin		: [ ok ]
+ GameIocp Startup
	- GameIocp Begin		: [ ok ]

[2017-11-30 11:4:1] # TileSky Game Server Running... #

[2017-11-30 11:4:15] # New client connected : 0x5d8fa040(0x5a4)

[2017-11-30 11:4:19] # Read packet : PT_BATTLE_1V1_SEARCH_ROOM
[2017-11-30 11:4:41] # New client connected : 0x5d4f1040(0x5a0)

[2017-11-30 11:4:43] # Read packet : PT_BATTLE_1V1_SEARCH_ROOM
[2017-11-30 11:8:55] # TileSky Game Server Startup #


+ Prepare Startup
	- Winsock2 DLL loading		: [ ok ]
	- MiniDump System Begin		: [ ok ]
+ GameIocp Startup
	- GameIocp Begin		: [ ok ]

[2017-11-30 11:8:56] # TileSky Game Server Running... #

[2017-11-30 11:9:8] # New client connected : 0x5d4f3040(0x5a4)

[2017-11-30 11:9:14] # New client connected : 0x5d0e9040(0x5a0)

[2017-11-30 11:9:19] # Read packet : PT_BATTLE_1V1_SEARCH_ROOM
[2017-11-30 11:9:25] # Read packet : PT_BATTLE_1V1_SEARCH_ROOM
[2017-11-30 11:15:21] # TileSky Game Server Startup #


+ Prepare Startup
	- Winsock2 DLL loading		: [ ok ]
	- MiniDump System Begin		: [ ok ]
+ GameIocp Startup
	- GameIocp Begin		: [ ok ]

[2017-11-30 11:15:22] # TileSky Game Server Running... #

[2017-11-30 11:15:33] # New client connected : 0x5d4fe040(0x5a4)

[2017-11-30 11:15:38] # New client connected : 0x5d0ef040(0x5a0)

[2017-11-30 11:15:43] # Read packet : PT_BATTLE_1V1_SEARCH_ROOM
[2017-11-30 11:15:47] # Read packet : PT_BATTLE_1V1_SEARCH_ROOM
[2017-11-30 11:15:59] # Client disconnected : 0x5d4fe040(0x5c0)

[2017-11-30 11:16:0] # TileSky Game Server Startup #


+ Prepare Startup
	- Winsock2 DLL loading		: [ ok ]
	- MiniDump System Begin		: [ ok ]
+ GameIocp Startup
	- GameIocp Begin		: [ ok ]

[2017-11-30 11:16:1] # TileSky Game Server Running... #

[2017-11-30 11:16:14] # New client connected : 0x5d142040(0x5a4)

[2017-11-30 11:16:20] # New client connected : 0x5cd47040(0x5a0)

[2017-11-30 11:16:26] # Read packet : PT_BATTLE_1V1_SEARCH_ROOM
[2017-11-30 11:16:34] # Read packet : PT_BATTLE_1V1_SEARCH_ROOM
[2017-11-30 11:16:51] # TileSky Game Server Startup #


+ Prepare Startup
	- Winsock2 DLL loading		: [ ok ]
	- MiniDump System Begin		: [ ok ]
+ GameIocp Startup
	- GameIocp Begin		: [ ok ]

[2017-11-30 11:16:51] # TileSky Game Server Running... #

[2017-11-30 11:17:6] # New client connected : 0x5d542040(0x5a4)

[2017-11-30 11:17:12] # New client connected : 0x5d13c040(0x5a0)

[2017-11-30 11:17:22] # Read packet : PT_BATTLE_1V1_SEARCH_ROOM
[2017-11-30 11:19:31] # TileSky Game Server Startup #


+ Prepare Startup
	- Winsock2 DLL loading		: [ ok ]
	- MiniDump System Begin		: [ ok ]
+ GameIocp Startup
	- GameIocp Begin		: [ ok ]

[2017-11-30 11:19:31] # TileSky Game Server Running... #

[2017-11-30 11:19:40] # New client connected : 0x5cceb040(0x5a4)

[2017-11-30 11:19:45] # New client connected : 0x5c8dc040(0x5a0)

[2017-11-30 11:19:49] # Read packet : PT_BATTLE_1V1_SEARCH_ROOM
[2017-11-30 11:23:32] # TileSky Game Server Startup #


+ Prepare Startup
	- Winsock2 DLL loading		: [ ok ]
	- MiniDump System Begin		: [ ok ]
+ GameIocp Startup
	- GameIocp Begin		: [ ok ]

[2017-11-30 11:23:33] # TileSky Game Server Running... #

[2017-11-30 11:23:43] # New client connected : 0x5d91e040(0x5a4)

[2017-11-30 11:23:52] # New client connected : 0x5d50e040(0x5a0)

[2017-11-30 11:23:58] # Read packet : PT_BATTLE_1V1_SEARCH_ROOM
[2017-11-30 11:25:6] # Read packet : PT_BATTLE_1V1_SEARCH_ROOM
[2017-11-30 11:28:16] # TileSky Game Server Startup #


+ Prepare Startup
	- Winsock2 DLL loading		: [ ok ]
	- MiniDump System Begin		: [ ok ]
+ GameIocp Startup
	- GameIocp Begin		: [ ok ]

[2017-11-30 11:28:16] # TileSky Game Server Running... #

[2017-11-30 11:28:26] # New client connected : 0x5d91a040(0x5a4)

[2017-11-30 11:28:33] # New client connected : 0x5d516040(0x5a0)

[2017-11-30 11:28:42] # Read packet : PT_BATTLE_1V1_SEARCH_ROOM
[2017-11-30 11:28:53] # Read packet : PT_BATTLE_1V1_SEARCH_ROOM
[2017-11-30 11:47:33] # TileSky Game Server Startup #


+ Prepare Startup
	- Winsock2 DLL loading		: [ ok ]
	- MiniDump System Begin		: [ ok ]
+ GameIocp Startup
	- GameIocp Begin		: [ ok ]

[2017-11-30 11:47:34] # TileSky Game Server Running... #

[2017-11-30 11:47:42] # New client connected : 0x5d92c040(0x5a4)

[2017-11-30 11:47:48] # New client connected : 0x5d521040(0x5a0)

[2017-11-30 11:47:52] # Read packet : PT_BATTLE_1V1_SEARCH_ROOM
[2017-11-30 11:47:56] # Read packet : PT_BATTLE_1V1_SEARCH_ROOM
[2017-11-30 11:49:39] # TileSky Game Server Startup #


+ Prepare Startup
	- Winsock2 DLL loading		: [ ok ]
	- MiniDump System Begin		: [ ok ]
+ GameIocp Startup
	- GameIocp Begin		: [ ok ]

[2017-11-30 11:49:40] # TileSky Game Server Running... #

[2017-11-30 11:49:51] # New client connected : 0x5d59b040(0x5a4)

[2017-11-30 11:49:53] # Read packet : PT_BATTLE_1V1_SEARCH_ROOM
[2017-11-30 11:49:56] # New client connected : 0x5d18d040(0x5a0)

[2017-11-30 11:50:0] # Read packet : PT_BATTLE_1V1_SEARCH_ROOM
[2017-11-30 11:51:4] # TileSky Game Server Startup #


+ Prepare Startup
	- Winsock2 DLL loading		: [ ok ]
	- MiniDump System Begin		: [ ok ]
+ GameIocp Startup
	- GameIocp Begin		: [ ok ]

[2017-11-30 11:51:4] # TileSky Game Server Running... #

[2017-11-30 11:51:14] # New client connected : 0x5cd29040(0x5a4)

[2017-11-30 11:51:19] # New client connected : 0x5c91f040(0x5a0)

[2017-11-30 11:51:24] # Read packet : PT_BATTLE_1V1_SEARCH_ROOM
[2017-11-30 11:51:27] # Read packet : PT_BATTLE_1V1_SEARCH_ROOM
[2017-11-30 11:55:30] # TileSky Game Server Startup #


+ Prepare Startup
	- Winsock2 DLL loading		: [ ok ]
	- MiniDump System Begin		: [ ok ]
+ GameIocp Startup
	- GameIocp Begin		: [ ok ]

[2017-11-30 11:55:30] # TileSky Game Server Running... #

[2017-11-30 11:55:57] # New client connected : 0x5d166040(0x5a4)

[2017-11-30 11:56:1] # Read packet : PT_BATTLE_1V1_SEARCH_ROOM
[2017-11-30 11:56:7] # New client connected : 0x5cd60040(0x5a0)

[2017-11-30 11:56:12] # Read packet : PT_BATTLE_1V1_SEARCH_ROOM
