[2017-11-30 9:13:53] # TileSky Game Server Startup #


+ Prepare Startup
	- Winsock2 DLL loading		: [ ok ]
	- MiniDump System Begin		: [ ok ]
+ GameIocp Startup
	- GameIocp Begin		: [ ok ]

[2017-11-30 9:13:53] # TileSky Game Server Running... #

[2017-11-30 9:14:46] # TileSky Game Server Startup #


+ Prepare Startup
	- Winsock2 DLL loading		: [ ok ]
	- MiniDump System Begin		: [ ok ]
+ GameIocp Startup
	- GameIocp Begin		: [ ok ]

[2017-11-30 9:14:46] # TileSky Game Server Running... #

[2017-11-30 9:15:24] # New client connected : 0x5d50b040(0x5a4)

[2017-11-30 9:15:27] # Read packet : PT_BATTLE_1V1_SEARCH_ROOM
[2017-11-30 9:26:15] # TileSky Game Server Startup #


+ Prepare Startup
	- Winsock2 DLL loading		: [ ok ]
	- MiniDump System Begin		: [ ok ]
+ GameIocp Startup
	- GameIocp Begin		: [ ok ]

[2017-11-30 9:26:16] # TileSky Game Server Running... #

[2017-11-30 9:26:26] # New client connected : 0x5d4a2040(0x5a4)

[2017-11-30 9:26:28] # Read packet : PT_BATTLE_1V1_SEARCH_ROOM
[2017-11-30 9:33:38] # TileSky Game Server Startup #


+ Prepare Startup
	- Winsock2 DLL loading		: [ ok ]
	- MiniDump System Begin		: [ ok ]
+ GameIocp Startup
	- GameIocp Begin		: [ ok ]

[2017-11-30 9:33:39] # TileSky Game Server Running... #

[2017-11-30 9:34:13] # New client connected : 0x5cef8040(0x5a4)

[2017-11-30 9:34:21] # Read packet : PT_BATTLE_1V1_SEARCH_ROOM
[2017-11-30 9:34:35] # New client connected : 0x5caee040(0x5a0)

[2017-11-30 9:34:40] # Read packet : PT_BATTLE_1V1_SEARCH_ROOM
[2017-11-30 9:35:6] # Read packet : PT_BATTLE_1V1_SEARCH_ROOM
[2017-11-30 9:35:10] # Client disconnected : 0x5caee040(0x5a0)

[2017-11-30 9:38:36] # TileSky Game Server Startup #


+ Prepare Startup
	- Winsock2 DLL loading		: [ ok ]
	- MiniDump System Begin		: [ ok ]
+ GameIocp Startup
	- GameIocp Begin		: [ ok ]

[2017-11-30 9:38:37] # TileSky Game Server Running... #

[2017-11-30 9:39:7] # New client connected : 0x5dac9040(0x5a4)

[2017-11-30 9:39:15] # Read packet : PT_BATTLE_1V1_SEARCH_ROOM
[2017-11-30 9:39:19] # Client disconnected : 0x5dac9040(0x5a4)

[2017-11-30 9:43:6] # TileSky Game Server Startup #


+ Prepare Startup
	- Winsock2 DLL loading		: [ ok ]
	- MiniDump System Begin		: [ ok ]
+ GameIocp Startup
	- GameIocp Begin		: [ ok ]

[2017-11-30 9:43:6] # TileSky Game Server Running... #

[2017-11-30 9:43:43] # New client connected : 0x5dac7040(0x5a4)

[2017-11-30 9:43:49] # Client disconnected : 0x5dac7040(0x5a4)

