[2017-11-29 15:12:18] # TileSky Game Server Startup #


+ Prepare Startup
	- Winsock2 DLL loading		: [ ok ]
	- MiniDump System Begin		: [ ok ]
+ GameIocp Startup
	- GameIocp Begin		: [ ok ]

[2017-11-29 15:12:18] # TileSky Game Server Running... #

[2017-11-29 15:23:51] # TileSky Game Server Startup #


+ Prepare Startup
	- Winsock2 DLL loading		: [ ok ]
	- MiniDump System Begin		: [ ok ]
+ GameIocp Startup
	- GameIocp Begin		: [ ok ]

[2017-11-29 15:23:51] # TileSky Game Server Running... #

[2017-11-29 15:24:57] # TileSky Game Server Startup #


+ Prepare Startup
	- Winsock2 DLL loading		: [ ok ]
	- MiniDump System Begin		: [ ok ]
+ GameIocp Startup
	- GameIocp Begin		: [ ok ]

[2017-11-29 15:24:57] # TileSky Game Server Running... #

[2017-11-29 15:25:13] # TileSky Game Server Startup #


+ Prepare Startup
	- Winsock2 DLL loading		: [ ok ]
	- MiniDump System Begin		: [ ok ]
+ GameIocp Startup
	- GameIocp Begin		: [ ok ]

[2017-11-29 15:25:13] # TileSky Game Server Running... #

[2017-11-29 15:28:20] # TileSky Game Server Startup #


+ Prepare Startup
	- Winsock2 DLL loading		: [ ok ]
	- MiniDump System Begin		: [ ok ]
+ GameIocp Startup
	- GameIocp Begin		: [ ok ]

[2017-11-29 15:28:21] # TileSky Game Server Running... #

[2017-11-29 15:29:43] # TileSky Game Server Startup #


+ Prepare Startup
	- Winsock2 DLL loading		: [ ok ]
	- MiniDump System Begin		: [ ok ]
+ GameIocp Startup
	- GameIocp Begin		: [ ok ]

[2017-11-29 15:29:43] # TileSky Game Server Running... #

[2017-11-29 15:29:53] # New client connected : 0x5d0c0040(0x5a4)

[2017-11-29 15:33:38] # TileSky Game Server Startup #


+ Prepare Startup
	- Winsock2 DLL loading		: [ ok ]
	- MiniDump System Begin		: [ ok ]
+ GameIocp Startup
	- GameIocp Begin		: [ ok ]

[2017-11-29 15:33:38] # TileSky Game Server Running... #

[2017-11-29 15:53:23] # TileSky Game Server Startup #


[2017-11-29 15:53:59] # TileSky Game Server Startup #


+ Prepare Startup
	- Winsock2 DLL loading		: [ ok ]
	- MiniDump System Begin		: [ ok ]
+ GameIocp Startup
	- GameIocp Begin		: [ ok ]

[2017-11-29 15:54:0] # TileSky Game Server Running... #

[2017-11-29 15:54:17] # New client connected : 0x5d51b040(0x5a4)

[2017-11-29 15:56:26] # TileSky Game Server Startup #


+ Prepare Startup
	- Winsock2 DLL loading		: [ ok ]
	- MiniDump System Begin		: [ ok ]
+ GameIocp Startup
	- GameIocp Begin		: [ ok ]

[2017-11-29 15:56:26] # TileSky Game Server Running... #

