[2017-12-1 21:9:18] # TileSky Game Server Startup #


+ Prepare Startup
	- Winsock2 DLL loading		: [ ok ]
	- MiniDump System Begin		: [ ok ]
+ GameIocp Startup
	- GameIocp Begin		: [ ok ]

[2017-12-1 21:9:18] # TileSky Game Server Running... #

[2017-12-1 21:12:38] # TileSky Game Server Startup #


+ Prepare Startup
	- Winsock2 DLL loading		: [ ok ]
	- MiniDump System Begin		: [ ok ]
+ GameIocp Startup
	- GameIocp Begin		: [ ok ]

[2017-12-1 21:12:38] # TileSky Game Server Running... #

[2017-12-1 21:12:50] # New client connected : 0x2e4d0040(0x3e0)

[2017-12-1 21:12:53] # New client connected : 0x2e0d0040(0x3dc)

[2017-12-1 21:13:1] # Read packet : PT_BATTLE_1V1_SEARCH_ROOM
[2017-12-1 21:13:4] # Read packet : PT_BATTLE_1V1_SEARCH_ROOM
[2017-12-1 21:13:25] # TileSky Game Server Startup #


+ Prepare Startup
	- Winsock2 DLL loading		: [ ok ]
	- MiniDump System Begin		: [ ok ]
+ GameIocp Startup
	- GameIocp Begin		: [ ok ]

[2017-12-1 21:13:25] # TileSky Game Server Running... #

[2017-12-1 21:13:37] # New client connected : 0x2e5d0040(0x3e0)

[2017-12-1 21:13:39] # New client connected : 0x2e1d0040(0x3dc)

[2017-12-1 21:13:44] # Read packet : PT_BATTLE_1V1_SEARCH_ROOM
[2017-12-1 21:13:48] # Read packet : PT_BATTLE_1V1_SEARCH_ROOM
[2017-12-1 21:15:51] # TileSky Game Server Startup #


+ Prepare Startup
	- Winsock2 DLL loading		: [ ok ]
	- MiniDump System Begin		: [ ok ]
+ GameIocp Startup
	- GameIocp Begin		: [ ok ]

[2017-12-1 21:15:51] # TileSky Game Server Running... #

[2017-12-1 21:16:2] # New client connected : 0x2e400040(0x3e0)

[2017-12-1 21:16:5] # New client connected : 0x2e000040(0x3dc)

[2017-12-1 21:16:9] # Read packet : PT_BATTLE_1V1_SEARCH_ROOM
[2017-12-1 21:16:13] # Read packet : PT_BATTLE_1V1_SEARCH_ROOM
[2017-12-1 21:17:45] # TileSky Game Server Startup #


+ Prepare Startup
	- Winsock2 DLL loading		: [ ok ]
	- MiniDump System Begin		: [ ok ]
+ GameIocp Startup
	- GameIocp Begin		: [ ok ]

[2017-12-1 21:17:46] # TileSky Game Server Running... #

[2017-12-1 21:17:54] # New client connected : 0x2e270040(0x3e0)

[2017-12-1 21:17:56] # New client connected : 0x2de70040(0x3dc)

[2017-12-1 21:18:1] # Read packet : PT_BATTLE_1V1_SEARCH_ROOM
[2017-12-1 21:18:5] # Read packet : PT_BATTLE_1V1_SEARCH_ROOM
[2017-12-1 21:39:45] # TileSky Game Server Startup #


+ Prepare Startup
	- Winsock2 DLL loading		: [ ok ]
	- MiniDump System Begin		: [ ok ]
+ GameIocp Startup
	- GameIocp Begin		: [ ok ]

[2017-12-1 21:39:45] # TileSky Game Server Running... #

[2017-12-1 21:39:51] # New client connected : 0x2e380040(0x3e0)

[2017-12-1 21:39:54] # New client connected : 0x2df80040(0x3dc)

[2017-12-1 21:39:59] # Read packet : PT_BATTLE_1V1_SEARCH_ROOM
[2017-12-1 21:40:3] # Read packet : PT_BATTLE_1V1_SEARCH_ROOM
[2017-12-1 21:40:54] # TileSky Game Server Startup #


+ Prepare Startup
	- Winsock2 DLL loading		: [ ok ]
	- MiniDump System Begin		: [ ok ]
+ GameIocp Startup
	- GameIocp Begin		: [ ok ]

[2017-12-1 21:40:55] # TileSky Game Server Running... #

[2017-12-1 21:41:1] # New client connected : 0x2e120040(0x3e0)

[2017-12-1 21:41:3] # New client connected : 0x2dd20040(0x3dc)

[2017-12-1 21:41:9] # Read packet : PT_BATTLE_1V1_SEARCH_ROOM
[2017-12-1 21:41:12] # Read packet : PT_BATTLE_1V1_SEARCH_ROOM
[2017-12-1 21:41:59] # TileSky Game Server Startup #


+ Prepare Startup
	- Winsock2 DLL loading		: [ ok ]
	- MiniDump System Begin		: [ ok ]
+ GameIocp Startup
	- GameIocp Begin		: [ ok ]

[2017-12-1 21:41:59] # TileSky Game Server Running... #

[2017-12-1 21:42:7] # New client connected : 0x2e450040(0x3e0)

[2017-12-1 21:42:8] # New client connected : 0x2e050040(0x3dc)

[2017-12-1 21:42:14] # Read packet : PT_BATTLE_1V1_SEARCH_ROOM
[2017-12-1 21:42:17] # Read packet : PT_BATTLE_1V1_SEARCH_ROOM
[2017-12-1 21:43:48] # TileSky Game Server Startup #


+ Prepare Startup
	- Winsock2 DLL loading		: [ ok ]
	- MiniDump System Begin		: [ ok ]
+ GameIocp Startup
	- GameIocp Begin		: [ ok ]

[2017-12-1 21:43:48] # TileSky Game Server Running... #

[2017-12-1 21:43:56] # New client connected : 0x2e6f0040(0x3e0)

[2017-12-1 21:43:57] # New client connected : 0x2e2f0040(0x3dc)

[2017-12-1 21:44:2] # Read packet : PT_BATTLE_1V1_SEARCH_ROOM
[2017-12-1 21:44:5] # Read packet : PT_BATTLE_1V1_SEARCH_ROOM
[2017-12-1 21:47:7] # TileSky Game Server Startup #


+ Prepare Startup
	- Winsock2 DLL loading		: [ ok ]
	- MiniDump System Begin		: [ ok ]
+ GameIocp Startup
	- GameIocp Begin		: [ ok ]

[2017-12-1 21:47:7] # TileSky Game Server Running... #

[2017-12-1 21:47:15] # New client connected : 0x2e7f0040(0x3e0)

[2017-12-1 21:47:19] # New client connected : 0x2e3f0040(0x3dc)

[2017-12-1 21:47:24] # Read packet : PT_BATTLE_1V1_SEARCH_ROOM
[2017-12-1 21:47:28] # Read packet : PT_BATTLE_1V1_SEARCH_ROOM
[2017-12-1 21:48:14] # TileSky Game Server Startup #


+ Prepare Startup
	- Winsock2 DLL loading		: [ ok ]
	- MiniDump System Begin		: [ ok ]
+ GameIocp Startup
	- GameIocp Begin		: [ ok ]

[2017-12-1 21:48:14] # TileSky Game Server Running... #

[2017-12-1 21:48:24] # New client connected : 0x2e8a0040(0x3e0)

[2017-12-1 21:48:27] # New client connected : 0x2e4a0040(0x3dc)

[2017-12-1 21:48:32] # Read packet : PT_BATTLE_1V1_SEARCH_ROOM
[2017-12-1 21:48:36] # Read packet : PT_BATTLE_1V1_SEARCH_ROOM
