[2017-11-28 10:1:43] # TileSky Game Server Startup #


+ Prepare Startup
	- Winsock2 DLL loading		: [ ok ]
	- MiniDump System Begin		: [ ok ]
+ GameIocp Startup
	- GameIocp Begin		: [ ok ]

[2017-11-28 10:1:43] # TileSky Game Server Running... #

[2017-11-28 10:11:8] # TileSky Game Server Startup #


+ Prepare Startup
	- Winsock2 DLL loading		: [ ok ]
	- MiniDump System Begin		: [ ok ]
+ GameIocp Startup
	- GameIocp Begin		: [ ok ]

[2017-11-28 10:11:8] # TileSky Game Server Running... #

[2017-11-28 10:11:47] # TileSky Game Server Startup #


+ Prepare Startup
	- Winsock2 DLL loading		: [ ok ]
	- MiniDump System Begin		: [ ok ]
+ GameIocp Startup
	- GameIocp Begin		: [ ok ]

[2017-11-28 10:11:47] # TileSky Game Server Running... #

[2017-11-28 10:15:30] # TileSky Game Server Startup #


+ Prepare Startup
	- Winsock2 DLL loading		: [ ok ]
	- MiniDump System Begin		: [ ok ]
+ GameIocp Startup
	- GameIocp Begin		: [ ok ]

[2017-11-28 10:15:31] # TileSky Game Server Running... #

[2017-11-28 10:23:43] # TileSky Game Server Startup #


+ Prepare Startup
	- Winsock2 DLL loading		: [ ok ]
	- MiniDump System Begin		: [ ok ]
+ GameIocp Startup
	- GameIocp Begin		: [ ok ]

[2017-11-28 10:23:43] # TileSky Game Server Running... #

